INFO:root:[/Users/Joe/Downloads/lisa/4 Gen Aug 2013/DSC_0025.jpg] Modified date: 1357041600.0
INFO:root:[/Users/Joe/Downloads/lisa/4 Gen Aug 2013/DSC_0025.jpg] Updated Exif: 2013:01:01 12:00:00
INFO:root:[/Users/Joe/Downloads/lisa/4 Gen Aug 2013/DSC_0027.jpg] Modified date: 1357041600.0
INFO:root:[/Users/Joe/Downloads/lisa/4 Gen Aug 2013/DSC_0027.jpg] Updated Exif: 2013:01:01 12:00:00
INFO:root:[/Users/Joe/Downloads/lisa/4 Gen Aug 2013/DSC_0032.jpg] Modified date: 1357041600.0
INFO:root:[/Users/Joe/Downloads/lisa/4 Gen Aug 2013/DSC_0032.jpg] Updated Exif: 2013:01:01 12:00:00
INFO:root:[/Users/Joe/Downloads/lisa/4 Gen Aug 2013/DSC_0020.jpg] Modified date: 1357041600.0
INFO:root:[/Users/Joe/Downloads/lisa/4 Gen Aug 2013/DSC_0020.jpg] Updated Exif: 2013:01:01 12:00:00
INFO:root:[/Users/Joe/Downloads/lisa/4 Gen Aug 2013/DSC_0034.jpg] Modified date: 1357041600.0
INFO:root:[/Users/Joe/Downloads/lisa/4 Gen Aug 2013/DSC_0034.jpg] Updated Exif: 2013:01:01 12:00:00
INFO:root:[/Users/Joe/Downloads/lisa/4 Gen Aug 2013/DSC_0046.jpg] Modified date: 1357041600.0
INFO:root:[/Users/Joe/Downloads/lisa/4 Gen Aug 2013/DSC_0046.jpg] Updated Exif: 2013:01:01 12:00:00
INFO:root:[/Users/Joe/Downloads/lisa/4 Gen Aug 2013/DSC_0087.jpg] Modified date: 1357041600.0
INFO:root:[/Users/Joe/Downloads/lisa/4 Gen Aug 2013/DSC_0087.jpg] Updated Exif: 2013:01:01 12:00:00
INFO:root:[/Users/Joe/Downloads/lisa/4 Gen Aug 2013/DSC_0078.jpg] Modified date: 1357041600.0
INFO:root:[/Users/Joe/Downloads/lisa/4 Gen Aug 2013/DSC_0078.jpg] Updated Exif: 2013:01:01 12:00:00
INFO:root:[/Users/Joe/Downloads/lisa/4 Gen Aug 2013/DSC_0051.jpg] Modified date: 1357041600.0
INFO:root:[/Users/Joe/Downloads/lisa/4 Gen Aug 2013/DSC_0051.jpg] Updated Exif: 2013:01:01 12:00:00
INFO:root:[/Users/Joe/Downloads/lisa/4 Gen Aug 2013/DSC_0086.jpg] Modified date: 1357041600.0
INFO:root:[/Users/Joe/Downloads/lisa/4 Gen Aug 2013/DSC_0086.jpg] Updated Exif: 2013:01:01 12:00:00
INFO:root:[/Users/Joe/Downloads/lisa/4 Gen Aug 2013/DSC_0082.jpg] Modified date: 1357041600.0
INFO:root:[/Users/Joe/Downloads/lisa/4 Gen Aug 2013/DSC_0082.jpg] Updated Exif: 2013:01:01 12:00:00
INFO:root:[/Users/Joe/Downloads/lisa/4 Gen Aug 2013/DSC_0069.jpg] Modified date: 1357041600.0
INFO:root:[/Users/Joe/Downloads/lisa/4 Gen Aug 2013/DSC_0069.jpg] Updated Exif: 2013:01:01 12:00:00
INFO:root:[/Users/Joe/Downloads/lisa/4 Gen Aug 2013/DSC_0054.jpg] Modified date: 1357041600.0
INFO:root:[/Users/Joe/Downloads/lisa/4 Gen Aug 2013/DSC_0054.jpg] Updated Exif: 2013:01:01 12:00:00
INFO:root:[/Users/Joe/Downloads/lisa/4 Gen Aug 2013/DSC_0040.jpg] Modified date: 1357041600.0
INFO:root:[/Users/Joe/Downloads/lisa/4 Gen Aug 2013/DSC_0040.jpg] Updated Exif: 2013:01:01 12:00:00
INFO:root:[/Users/Joe/Downloads/lisa/4 Gen Aug 2013/DSC_0068.jpg] Modified date: 1357041600.0
INFO:root:[/Users/Joe/Downloads/lisa/4 Gen Aug 2013/DSC_0068.jpg] Updated Exif: 2013:01:01 12:00:00
INFO:root:[/Users/Joe/Downloads/lisa/4 Gen Aug 2013/DSC_0043.jpg] Modified date: 1357041600.0
INFO:root:[/Users/Joe/Downloads/lisa/4 Gen Aug 2013/DSC_0043.jpg] Updated Exif: 2013:01:01 12:00:00
INFO:root:[/Users/Joe/Downloads/lisa/4 Gen Aug 2013/DSC_0072.jpg] Modified date: 1357041600.0
INFO:root:[/Users/Joe/Downloads/lisa/4 Gen Aug 2013/DSC_0072.jpg] Updated Exif: 2013:01:01 12:00:00
INFO:root:[/Users/Joe/Downloads/lisa/4 Gen Aug 2013/DSC_0067.jpg] Modified date: 1357041600.0
INFO:root:[/Users/Joe/Downloads/lisa/4 Gen Aug 2013/DSC_0067.jpg] Updated Exif: 2013:01:01 12:00:00
INFO:root:[/Users/Joe/Downloads/lisa/4 Gen Aug 2013/DSC_0088.jpg] Modified date: 1357041600.0
INFO:root:[/Users/Joe/Downloads/lisa/4 Gen Aug 2013/DSC_0088.jpg] Updated Exif: 2013:01:01 12:00:00
INFO:root:[/Users/Joe/Downloads/lisa/4 Gen Aug 2013/DSC_0062.jpg] Modified date: 1357041600.0
INFO:root:[/Users/Joe/Downloads/lisa/4 Gen Aug 2013/DSC_0062.jpg] Updated Exif: 2013:01:01 12:00:00
INFO:root:[/Users/Joe/Downloads/lisa/4 Gen Aug 2013/DSC_0076.jpg] Modified date: 1357041600.0
INFO:root:[/Users/Joe/Downloads/lisa/4 Gen Aug 2013/DSC_0076.jpg] Updated Exif: 2013:01:01 12:00:00
INFO:root:[/Users/Joe/Downloads/lisa/4 Gen Aug 2013/DSC_0005.jpg] Modified date: 1357041600.0
INFO:root:[/Users/Joe/Downloads/lisa/4 Gen Aug 2013/DSC_0005.jpg] Updated Exif: 2013:01:01 12:00:00
INFO:root:[/Users/Joe/Downloads/lisa/4 Gen Aug 2013/DSC_0010.jpg] Modified date: 1357041600.0
INFO:root:[/Users/Joe/Downloads/lisa/4 Gen Aug 2013/DSC_0010.jpg] Updated Exif: 2013:01:01 12:00:00
INFO:root:[/Users/Joe/Downloads/lisa/4 Gen Aug 2013/DSC_0012.jpg] Modified date: 1357041600.0
INFO:root:[/Users/Joe/Downloads/lisa/4 Gen Aug 2013/DSC_0012.jpg] Updated Exif: 2013:01:01 12:00:00
INFO:root:[/Users/Joe/Downloads/lisa/4 Gen Aug 2013/DSC_0007.jpg] Modified date: 1357041600.0
INFO:root:[/Users/Joe/Downloads/lisa/4 Gen Aug 2013/DSC_0007.jpg] Updated Exif: 2013:01:01 12:00:00
INFO:root:[/Users/Joe/Downloads/lisa/4 Gen Aug 2013/DSC_0002.jpg] Modified date: 1357041600.0
INFO:root:[/Users/Joe/Downloads/lisa/4 Gen Aug 2013/DSC_0002.jpg] Updated Exif: 2013:01:01 12:00:00
INFO:root:[/Users/Joe/Downloads/lisa/4 Gen Aug 2013/DSC_0029.jpg] Modified date: 1357041600.0
INFO:root:[/Users/Joe/Downloads/lisa/4 Gen Aug 2013/DSC_0029.jpg] Updated Exif: 2013:01:01 12:00:00
INFO:root:[/Users/Joe/Downloads/lisa/1946 MAJ/IMG_20150821_0018.jpg] Modified date: -757339200.0
INFO:root:[/Users/Joe/Downloads/lisa/1946 MAJ/IMG_20150821_0018.jpg] Updated Exif: 1946:01:01 12:00:00
INFO:root:[/Users/Joe/Downloads/lisa/1946 MAJ/IMG_20150821_0019.jpg] Modified date: -757339200.0
INFO:root:[/Users/Joe/Downloads/lisa/1946 MAJ/IMG_20150821_0019.jpg] Updated Exif: 1946:01:01 12:00:00
INFO:root:[/Users/Joe/Downloads/lisa/1946 MAJ/IMG_20150821_0009.jpg] Modified date: -757339200.0
INFO:root:[/Users/Joe/Downloads/lisa/1946 MAJ/IMG_20150821_0009.jpg] Updated Exif: 1946:01:01 12:00:00
INFO:root:[/Users/Joe/Downloads/lisa/1946 MAJ/IMG_20150821_0008.jpg] Modified date: -757339200.0
INFO:root:[/Users/Joe/Downloads/lisa/1946 MAJ/IMG_20150821_0008.jpg] Updated Exif: 1946:01:01 12:00:00
INFO:root:[/Users/Joe/Downloads/lisa/1946 MAJ/IMG_20150821_0005.jpg] Modified date: -757339200.0
INFO:root:[/Users/Joe/Downloads/lisa/1946 MAJ/IMG_20150821_0005.jpg] Updated Exif: 1946:01:01 12:00:00
INFO:root:[/Users/Joe/Downloads/lisa/1946 MAJ/IMG_20150821_0011.jpg] Modified date: -757339200.0
INFO:root:[/Users/Joe/Downloads/lisa/1946 MAJ/IMG_20150821_0011.jpg] Updated Exif: 1946:01:01 12:00:00
INFO:root:[/Users/Joe/Downloads/lisa/1946 MAJ/eReciepts.png] Modified date: -757339200.0
INFO:root:[/Users/Joe/Downloads/lisa/1946 MAJ/eReciepts.png] Unable to update Exif (not supported)
INFO:root:[/Users/Joe/Downloads/lisa/1946 MAJ/IMG_20150821_0010.jpg] Modified date: -757339200.0
INFO:root:[/Users/Joe/Downloads/lisa/1946 MAJ/IMG_20150821_0010.jpg] Updated Exif: 1946:01:01 12:00:00
INFO:root:[/Users/Joe/Downloads/lisa/1946 MAJ/IMG_20150821_0004.jpg] Modified date: -757339200.0
INFO:root:[/Users/Joe/Downloads/lisa/1946 MAJ/IMG_20150821_0004.jpg] Updated Exif: 1946:01:01 12:00:00
INFO:root:[/Users/Joe/Downloads/lisa/1946 MAJ/IMG_20150821_0012.jpg] Modified date: -757339200.0
INFO:root:[/Users/Joe/Downloads/lisa/1946 MAJ/IMG_20150821_0012.jpg] Updated Exif: 1946:01:01 12:00:00
INFO:root:[/Users/Joe/Downloads/lisa/1946 MAJ/IMG_20150821_0006.jpg] Modified date: -757339200.0
INFO:root:[/Users/Joe/Downloads/lisa/1946 MAJ/IMG_20150821_0006.jpg] Updated Exif: 1946:01:01 12:00:00
INFO:root:[/Users/Joe/Downloads/lisa/1946 MAJ/IMG_20150821_0007.jpg] Modified date: -757339200.0
INFO:root:[/Users/Joe/Downloads/lisa/1946 MAJ/IMG_20150821_0007.jpg] Updated Exif: 1946:01:01 12:00:00
INFO:root:[/Users/Joe/Downloads/lisa/1946 MAJ/IMG_20150821_0013.jpg] Modified date: -757339200.0
INFO:root:[/Users/Joe/Downloads/lisa/1946 MAJ/IMG_20150821_0013.jpg] Updated Exif: 1946:01:01 12:00:00
INFO:root:[/Users/Joe/Downloads/lisa/1946 MAJ/IMG_20150821_0017.jpg] Modified date: -757339200.0
INFO:root:[/Users/Joe/Downloads/lisa/1946 MAJ/IMG_20150821_0017.jpg] Updated Exif: 1946:01:01 12:00:00
INFO:root:[/Users/Joe/Downloads/lisa/1946 MAJ/IMG_20150821_0003.jpg] Modified date: -757339200.0
INFO:root:[/Users/Joe/Downloads/lisa/1946 MAJ/IMG_20150821_0003.jpg] Updated Exif: 1946:01:01 12:00:00
INFO:root:[/Users/Joe/Downloads/lisa/1946 MAJ/IMG_20150821_0002.jpg] Modified date: -757339200.0
INFO:root:[/Users/Joe/Downloads/lisa/1946 MAJ/IMG_20150821_0002.jpg] Updated Exif: 1946:01:01 12:00:00
INFO:root:[/Users/Joe/Downloads/lisa/1946 MAJ/IMG_20150821_0016.jpg] Modified date: -757339200.0
INFO:root:[/Users/Joe/Downloads/lisa/1946 MAJ/IMG_20150821_0016.jpg] Updated Exif: 1946:01:01 12:00:00
INFO:root:[/Users/Joe/Downloads/lisa/1946 MAJ/IMG_20150821_0014.jpg] Modified date: -757339200.0
INFO:root:[/Users/Joe/Downloads/lisa/1946 MAJ/IMG_20150821_0014.jpg] Updated Exif: 1946:01:01 12:00:00
INFO:root:[/Users/Joe/Downloads/lisa/1946 MAJ/IMG_20150821_0015.jpg] Modified date: -757339200.0
INFO:root:[/Users/Joe/Downloads/lisa/1946 MAJ/IMG_20150821_0015.jpg] Updated Exif: 1946:01:01 12:00:00
INFO:root:[/Users/Joe/Downloads/lisa/1946 MAJ/IMG_20150821_0001.jpg] Modified date: -757339200.0
INFO:root:[/Users/Joe/Downloads/lisa/1946 MAJ/IMG_20150821_0001.jpg] Updated Exif: 1946:01:01 12:00:00
